#
# There is insufficient memory for the Java Runtime Environment to continue.
# Native memory allocation (malloc) failed to allocate 99280 bytes for Chunk::new
# Possible reasons:
#   The system is out of physical RAM or swap space
#   The process is running with CompressedOops enabled, and the Java Heap may be blocking the growth of the native heap
# Possible solutions:
#   Reduce memory load on the system
#   Increase physical memory or swap space
#   Check if swap backing store is full
#   Decrease Java heap size (-Xmx/-Xms)
#   Decrease number of Java threads
#   Decrease Java thread stack sizes (-Xss)
#   Set larger code cache with -XX:ReservedCodeCacheSize=
#   JVM is running with Unscaled Compressed Oops mode in which the Java heap is
#     placed in the first 4GB address space. The Java Heap base address is the
#     maximum limit for the native heap growth. Please use -XX:HeapBaseMinAddress
#     to set the Java Heap base and to place the Java Heap above 4GB virtual address.
# This output file may be truncated or incomplete.
#
#  Out of Memory Error (t:/workspace/open/src/hotspot/share/memory/arena.cpp:197), pid=17300, tid=13824
#
# JRE version: OpenJDK Runtime Environment (12.0.1+12) (build 12.0.1+12)
# Java VM: OpenJDK 64-Bit Server VM (12.0.1+12, mixed mode, sharing, tiered, compressed oops, g1 gc, windows-amd64)
# No core dump will be written. Minidumps are not enabled by default on client versions of Windows
#

---------------  S U M M A R Y ------------

Command Line: -Dfile.encoding=GBK XmlTool

Host: Intel(R) Core(TM) i5-4210M CPU @ 2.60GHz, 4 cores, 7G,  Windows 10 , 64 bit Build 18362 (10.0.18362.329)
Time: Mon Sep 16 19:59:34 2019 ?D1¨²¡À¨º¡Á?¨º¡À?? elapsed time: 0 seconds (0d 0h 0m 0s)

---------------  T H R E A D  ---------------

Current thread (0x00000283eef65800):  JavaThread "main" [_thread_in_vm, id=13824, stack(0x000000fb81100000,0x000000fb81200000)]

Stack: [0x000000fb81100000,0x000000fb81200000]
Native frames: (J=compiled Java code, j=interpreted, Vv=VM code, C=native code)
V  [jvm.dll+0x63918a]
V  [jvm.dll+0x78b0df]
V  [jvm.dll+0x78c781]
V  [jvm.dll+0x78cdd3]
V  [jvm.dll+0x261f68]
V  [jvm.dll+0xc535c]
V  [jvm.dll+0xc58dc]
V  [jvm.dll+0x1e96dd]
V  [jvm.dll+0x1e8a51]
V  [jvm.dll+0x714dae]
V  [jvm.dll+0x7161cc]
V  [jvm.dll+0x7169a8]
V  [jvm.dll+0x1e2aa5]
V  [jvm.dll+0x1d7410]
V  [jvm.dll+0x5199a5]
V  [jvm.dll+0x1e897e]
V  [jvm.dll+0x714dae]
V  [jvm.dll+0x7161cc]
V  [jvm.dll+0x7169a8]
V  [jvm.dll+0x1e2aa5]
V  [jvm.dll+0x1d7410]
V  [jvm.dll+0x5199a5]
V  [jvm.dll+0x1e897e]
V  [jvm.dll+0x714dae]
V  [jvm.dll+0x7161cc]
V  [jvm.dll+0x7169a8]
V  [jvm.dll+0x1e2aa5]
V  [jvm.dll+0x1d7410]
V  [jvm.dll+0x5199a5]
V  [jvm.dll+0x1e897e]
V  [jvm.dll+0x714dae]
V  [jvm.dll+0x7161cc]
V  [jvm.dll+0x7169a8]
V  [jvm.dll+0x1e2aa5]
V  [jvm.dll+0x1d7410]
V  [jvm.dll+0x5199a5]
V  [jvm.dll+0x1e897e]
V  [jvm.dll+0x714dae]
V  [jvm.dll+0x7161cc]
V  [jvm.dll+0x7166cd]
V  [jvm.dll+0x41d40e]
C  [java.dll+0x1bd1]

Java frames: (J=compiled Java code, j=interpreted, Vv=VM code)
j  java.lang.ClassLoader.findBootstrapClass(Ljava/lang/String;)Ljava/lang/Class;+0 java.base@12.0.1
j  java.lang.ClassLoader.findBootstrapClassOrNull(Ljava/lang/String;)Ljava/lang/Class;+12 java.base@12.0.1
j  java.lang.System$2.findBootstrapClassOrNull(Ljava/lang/ClassLoader;Ljava/lang/String;)Ljava/lang/Class;+2 java.base@12.0.1
j  jdk.internal.loader.ClassLoaders$BootClassLoader.loadClassOrNull(Ljava/lang/String;)Ljava/lang/Class;+5 java.base@12.0.1
j  jdk.internal.loader.BuiltinClassLoader.loadClassOrNull(Ljava/lang/String;Z)Ljava/lang/Class;+66 java.base@12.0.1
j  jdk.internal.loader.BuiltinClassLoader.loadClass(Ljava/lang/String;Z)Ljava/lang/Class;+3 java.base@12.0.1
j  jdk.internal.loader.ClassLoaders$AppClassLoader.loadClass(Ljava/lang/String;Z)Ljava/lang/Class;+36 java.base@12.0.1
j  java.lang.ClassLoader.loadClass(Ljava/lang/String;)Ljava/lang/Class;+3 java.base@12.0.1
v  ~StubRoutines::call_stub
j  java.lang.ClassLoader.defineClass1(Ljava/lang/ClassLoader;Ljava/lang/String;[BIILjava/security/ProtectionDomain;Ljava/lang/String;)Ljava/lang/Class;+0 java.base@12.0.1
j  java.lang.ClassLoader.defineClass(Ljava/lang/String;[BIILjava/security/ProtectionDomain;)Ljava/lang/Class;+27 java.base@12.0.1
j  java.security.SecureClassLoader.defineClass(Ljava/lang/String;[BIILjava/security/CodeSource;)Ljava/lang/Class;+12 java.base@12.0.1
j  jdk.internal.loader.BuiltinClassLoader.defineClass(Ljava/lang/String;Ljdk/internal/loader/Resource;)Ljava/lang/Class;+117 java.base@12.0.1
j  jdk.internal.loader.BuiltinClassLoader.findClassOnClassPathOrNull(Ljava/lang/String;)Ljava/lang/Class;+37 java.base@12.0.1
j  jdk.internal.loader.BuiltinClassLoader.loadClassOrNull(Ljava/lang/String;Z)Ljava/lang/Class;+111 java.base@12.0.1
j  jdk.internal.loader.BuiltinClassLoader.loadClass(Ljava/lang/String;Z)Ljava/lang/Class;+3 java.base@12.0.1
j  jdk.internal.loader.ClassLoaders$AppClassLoader.loadClass(Ljava/lang/String;Z)Ljava/lang/Class;+36 java.base@12.0.1
j  java.lang.ClassLoader.loadClass(Ljava/lang/String;)Ljava/lang/Class;+3 java.base@12.0.1
v  ~StubRoutines::call_stub
j  java.lang.Class.forName0(Ljava/lang/String;ZLjava/lang/ClassLoader;Ljava/lang/Class;)Ljava/lang/Class;+0 java.base@12.0.1
j  java.lang.Class.forName(Ljava/lang/String;ZLjava/lang/ClassLoader;)Ljava/lang/Class;+43 java.base@12.0.1
j  sun.launcher.LauncherHelper.loadMainClass(ILjava/lang/String;)Ljava/lang/Class;+93 java.base@12.0.1
j  sun.launcher.LauncherHelper.checkAndLoadMain(ZILjava/lang/String;)Ljava/lang/Class;+42 java.base@12.0.1
v  ~StubRoutines::call_stub

---------------  P R O C E S S  ---------------

Threads class SMR info:
_java_thread_list=0x00000283fef18c80, length=10, elements={
0x00000283eef65800, 0x00000283fe14d800, 0x00000283fe156800, 0x00000283fe16f000,
0x00000283fe170800, 0x00000283fe171800, 0x00000283fe182000, 0x00000283fe18b800,
0x00000283fef2d000, 0x00000283fef2f800
}

Java Threads: ( => current thread )
=>0x00000283eef65800 JavaThread "main" [_thread_in_vm, id=13824, stack(0x000000fb81100000,0x000000fb81200000)]
  0x00000283fe14d800 JavaThread "Reference Handler" daemon [_thread_blocked, id=3512, stack(0x000000fb81800000,0x000000fb81900000)]
  0x00000283fe156800 JavaThread "Finalizer" daemon [_thread_blocked, id=17404, stack(0x000000fb81900000,0x000000fb81a00000)]
  0x00000283fe16f000 JavaThread "Signal Dispatcher" daemon [_thread_blocked, id=14040, stack(0x000000fb81a00000,0x000000fb81b00000)]
  0x00000283fe170800 JavaThread "Attach Listener" daemon [_thread_blocked, id=14816, stack(0x000000fb81b00000,0x000000fb81c00000)]
  0x00000283fe171800 JavaThread "C2 CompilerThread0" daemon [_thread_blocked, id=3496, stack(0x000000fb81c00000,0x000000fb81d00000)]
  0x00000283fe182000 JavaThread "C1 CompilerThread0" daemon [_thread_blocked, id=11136, stack(0x000000fb81d00000,0x000000fb81e00000)]
  0x00000283fe18b800 JavaThread "Sweeper thread" daemon [_thread_blocked, id=392, stack(0x000000fb81e00000,0x000000fb81f00000)]
  0x00000283fef2d000 JavaThread "Service Thread" daemon [_thread_blocked, id=16764, stack(0x000000fb81f00000,0x000000fb82000000)]
  0x00000283fef2f800 JavaThread "Common-Cleaner" daemon [_thread_blocked, id=10948, stack(0x000000fb82100000,0x000000fb82200000)]

Other Threads:
  0x00000283fe148800 VMThread "VM Thread" [stack: 0x000000fb81700000,0x000000fb81800000] [id=15472]
  0x00000283fef2d800 WatcherThread [stack: 0x000000fb82000000,0x000000fb82100000] [id=12600]
  0x00000283eefa4000 GCTaskThread "GC Thread#0" [stack: 0x000000fb81200000,0x000000fb81300000] [id=13668]
  0x00000283eefb4800 ConcurrentGCThread "G1 Main Marker" [stack: 0x000000fb81300000,0x000000fb81400000] [id=3916]
  0x00000283eefbc000 ConcurrentGCThread "G1 Conc#0" [stack: 0x000000fb81400000,0x000000fb81500000] [id=17144]
  0x00000283ef039800 ConcurrentGCThread "G1 Refine#0" [stack: 0x000000fb81500000,0x000000fb81600000] [id=4392]
  0x00000283ef03a800 ConcurrentGCThread "G1 Young RemSet Sampling" [stack: 0x000000fb81600000,0x000000fb81700000] [id=9800]

Threads with active compile tasks:

VM state:not at safepoint (normal execution)

VM Mutex/Monitor currently owned by a thread: None

Heap address: 0x0000000085200000, size: 1966 MB, Compressed Oops mode: 32-bit
Narrow klass base: 0x0000000800000000, Narrow klass shift: 3
Compressed class space size: 1073741824 Address: 0x00000008011a0000

Heap:
 garbage-first heap   total 126976K, used 1024K [0x0000000085200000, 0x0000000100000000)
  region size 1024K, 2 young (2048K), 0 survivors (0K)
 Metaspace       used 368K, capacity 790K, committed 1024K, reserved 1064960K
  class space    used 12K, capacity 386K, committed 512K, reserved 1048576K
Heap Regions: E=young(eden), S=young(survivor), O=old, HS=humongous(starts), HC=humongous(continues), CS=collection set, F=free, A=archive, TAMS=top-at-mark-start (previous, next)
|   0|0x0000000085200000, 0x0000000085200000, 0x0000000085300000|  0%| F|  |TAMS 0x0000000085200000, 0x0000000085200000| Untracked 
|   1|0x0000000085300000, 0x0000000085300000, 0x0000000085400000|  0%| F|  |TAMS 0x0000000085300000, 0x0000000085300000| Untracked 
|   2|0x0000000085400000, 0x0000000085400000, 0x0000000085500000|  0%| F|  |TAMS 0x0000000085400000, 0x0000000085400000| Untracked 
|   3|0x0000000085500000, 0x0000000085500000, 0x0000000085600000|  0%| F|  |TAMS 0x0000000085500000, 0x0000000085500000| Untracked 
|   4|0x0000000085600000, 0x0000000085600000, 0x0000000085700000|  0%| F|  |TAMS 0x0000000085600000, 0x0000000085600000| Untracked 
|   5|0x0000000085700000, 0x0000000085700000, 0x0000000085800000|  0%| F|  |TAMS 0x0000000085700000, 0x0000000085700000| Untracked 
|   6|0x0000000085800000, 0x0000000085800000, 0x0000000085900000|  0%| F|  |TAMS 0x0000000085800000, 0x0000000085800000| Untracked 
|   7|0x0000000085900000, 0x0000000085900000, 0x0000000085a00000|  0%| F|  |TAMS 0x0000000085900000, 0x0000000085900000| Untracked 
|   8|0x0000000085a00000, 0x0000000085a00000, 0x0000000085b00000|  0%| F|  |TAMS 0x0000000085a00000, 0x0000000085a00000| Untracked 
|   9|0x0000000085b00000, 0x0000000085b00000, 0x0000000085c00000|  0%| F|  |TAMS 0x0000000085b00000, 0x0000000085b00000| Untracked 
|  10|0x0000000085c00000, 0x0000000085c00000, 0x0000000085d00000|  0%| F|  |TAMS 0x0000000085c00000, 0x0000000085c00000| Untracked 
|  11|0x0000000085d00000, 0x0000000085d00000, 0x0000000085e00000|  0%| F|  |TAMS 0x0000000085d00000, 0x0000000085d00000| Untracked 
|  12|0x0000000085e00000, 0x0000000085e00000, 0x0000000085f00000|  0%| F|  |TAMS 0x0000000085e00000, 0x0000000085e00000| Untracked 
|  13|0x0000000085f00000, 0x0000000085f00000, 0x0000000086000000|  0%| F|  |TAMS 0x0000000085f00000, 0x0000000085f00000| Untracked 
|  14|0x0000000086000000, 0x0000000086000000, 0x0000000086100000|  0%| F|  |TAMS 0x0000000086000000, 0x0000000086000000| Untracked 
|  15|0x0000000086100000, 0x0000000086100000, 0x0000000086200000|  0%| F|  |TAMS 0x0000000086100000, 0x0000000086100000| Untracked 
|  16|0x0000000086200000, 0x0000000086200000, 0x0000000086300000|  0%| F|  |TAMS 0x0000000086200000, 0x0000000086200000| Untracked 
|  17|0x0000000086300000, 0x0000000086300000, 0x0000000086400000|  0%| F|  |TAMS 0x0000000086300000, 0x0000000086300000| Untracked 
|  18|0x0000000086400000, 0x0000000086400000, 0x0000000086500000|  0%| F|  |TAMS 0x0000000086400000, 0x0000000086400000| Untracked 
|  19|0x0000000086500000, 0x0000000086500000, 0x0000000086600000|  0%| F|  |TAMS 0x0000000086500000, 0x0000000086500000| Untracked 
|  20|0x0000000086600000, 0x0000000086600000, 0x0000000086700000|  0%| F|  |TAMS 0x0000000086600000, 0x0000000086600000| Untracked 
|  21|0x0000000086700000, 0x0000000086700000, 0x0000000086800000|  0%| F|  |TAMS 0x0000000086700000, 0x0000000086700000| Untracked 
|  22|0x0000000086800000, 0x0000000086800000, 0x0000000086900000|  0%| F|  |TAMS 0x0000000086800000, 0x0000000086800000| Untracked 
|  23|0x0000000086900000, 0x0000000086900000, 0x0000000086a00000|  0%| F|  |TAMS 0x0000000086900000, 0x0000000086900000| Untracked 
|  24|0x0000000086a00000, 0x0000000086a00000, 0x0000000086b00000|  0%| F|  |TAMS 0x0000000086a00000, 0x0000000086a00000| Untracked 
|  25|0x0000000086b00000, 0x0000000086b00000, 0x0000000086c00000|  0%| F|  |TAMS 0x0000000086b00000, 0x0000000086b00000| Untracked 
|  26|0x0000000086c00000, 0x0000000086c00000, 0x0000000086d00000|  0%| F|  |TAMS 0x0000000086c00000, 0x0000000086c00000| Untracked 
|  27|0x0000000086d00000, 0x0000000086d00000, 0x0000000086e00000|  0%| F|  |TAMS 0x0000000086d00000, 0x0000000086d00000| Untracked 
|  28|0x0000000086e00000, 0x0000000086e00000, 0x0000000086f00000|  0%| F|  |TAMS 0x0000000086e00000, 0x0000000086e00000| Untracked 
|  29|0x0000000086f00000, 0x0000000086f00000, 0x0000000087000000|  0%| F|  |TAMS 0x0000000086f00000, 0x0000000086f00000| Untracked 
|  30|0x0000000087000000, 0x0000000087000000, 0x0000000087100000|  0%| F|  |TAMS 0x0000000087000000, 0x0000000087000000| Untracked 
|  31|0x0000000087100000, 0x0000000087100000, 0x0000000087200000|  0%| F|  |TAMS 0x0000000087100000, 0x0000000087100000| Untracked 
|  32|0x0000000087200000, 0x0000000087200000, 0x0000000087300000|  0%| F|  |TAMS 0x0000000087200000, 0x0000000087200000| Untracked 
|  33|0x0000000087300000, 0x0000000087300000, 0x0000000087400000|  0%| F|  |TAMS 0x0000000087300000, 0x0000000087300000| Untracked 
|  34|0x0000000087400000, 0x0000000087400000, 0x0000000087500000|  0%| F|  |TAMS 0x0000000087400000, 0x0000000087400000| Untracked 
|  35|0x0000000087500000, 0x0000000087500000, 0x0000000087600000|  0%| F|  |TAMS 0x0000000087500000, 0x0000000087500000| Untracked 
|  36|0x0000000087600000, 0x0000000087600000, 0x0000000087700000|  0%| F|  |TAMS 0x0000000087600000, 0x0000000087600000| Untracked 
|  37|0x0000000087700000, 0x0000000087700000, 0x0000000087800000|  0%| F|  |TAMS 0x0000000087700000, 0x0000000087700000| Untracked 
|  38|0x0000000087800000, 0x0000000087800000, 0x0000000087900000|  0%| F|  |TAMS 0x0000000087800000, 0x0000000087800000| Untracked 
|  39|0x0000000087900000, 0x0000000087900000, 0x0000000087a00000|  0%| F|  |TAMS 0x0000000087900000, 0x0000000087900000| Untracked 
|  40|0x0000000087a00000, 0x0000000087a00000, 0x0000000087b00000|  0%| F|  |TAMS 0x0000000087a00000, 0x0000000087a00000| Untracked 
|  41|0x0000000087b00000, 0x0000000087b00000, 0x0000000087c00000|  0%| F|  |TAMS 0x0000000087b00000, 0x0000000087b00000| Untracked 
|  42|0x0000000087c00000, 0x0000000087c00000, 0x0000000087d00000|  0%| F|  |TAMS 0x0000000087c00000, 0x0000000087c00000| Untracked 
|  43|0x0000000087d00000, 0x0000000087d00000, 0x0000000087e00000|  0%| F|  |TAMS 0x0000000087d00000, 0x0000000087d00000| Untracked 
|  44|0x0000000087e00000, 0x0000000087e00000, 0x0000000087f00000|  0%| F|  |TAMS 0x0000000087e00000, 0x0000000087e00000| Untracked 
|  45|0x0000000087f00000, 0x0000000087f00000, 0x0000000088000000|  0%| F|  |TAMS 0x0000000087f00000, 0x0000000087f00000| Untracked 
|  46|0x0000000088000000, 0x0000000088000000, 0x0000000088100000|  0%| F|  |TAMS 0x0000000088000000, 0x0000000088000000| Untracked 
|  47|0x0000000088100000, 0x0000000088100000, 0x0000000088200000|  0%| F|  |TAMS 0x0000000088100000, 0x0000000088100000| Untracked 
|  48|0x0000000088200000, 0x0000000088200000, 0x0000000088300000|  0%| F|  |TAMS 0x0000000088200000, 0x0000000088200000| Untracked 
|  49|0x0000000088300000, 0x0000000088300000, 0x0000000088400000|  0%| F|  |TAMS 0x0000000088300000, 0x0000000088300000| Untracked 
|  50|0x0000000088400000, 0x0000000088400000, 0x0000000088500000|  0%| F|  |TAMS 0x0000000088400000, 0x0000000088400000| Untracked 
|  51|0x0000000088500000, 0x0000000088500000, 0x0000000088600000|  0%| F|  |TAMS 0x0000000088500000, 0x0000000088500000| Untracked 
|  52|0x0000000088600000, 0x0000000088600000, 0x0000000088700000|  0%| F|  |TAMS 0x0000000088600000, 0x0000000088600000| Untracked 
|  53|0x0000000088700000, 0x0000000088700000, 0x0000000088800000|  0%| F|  |TAMS 0x0000000088700000, 0x0000000088700000| Untracked 
|  54|0x0000000088800000, 0x0000000088800000, 0x0000000088900000|  0%| F|  |TAMS 0x0000000088800000, 0x0000000088800000| Untracked 
|  55|0x0000000088900000, 0x0000000088900000, 0x0000000088a00000|  0%| F|  |TAMS 0x0000000088900000, 0x0000000088900000| Untracked 
|  56|0x0000000088a00000, 0x0000000088a00000, 0x0000000088b00000|  0%| F|  |TAMS 0x0000000088a00000, 0x0000000088a00000| Untracked 
|  57|0x0000000088b00000, 0x0000000088b00000, 0x0000000088c00000|  0%| F|  |TAMS 0x0000000088b00000, 0x0000000088b00000| Untracked 
|  58|0x0000000088c00000, 0x0000000088c00000, 0x0000000088d00000|  0%| F|  |TAMS 0x0000000088c00000, 0x0000000088c00000| Untracked 
|  59|0x0000000088d00000, 0x0000000088d00000, 0x0000000088e00000|  0%| F|  |TAMS 0x0000000088d00000, 0x0000000088d00000| Untracked 
|  60|0x0000000088e00000, 0x0000000088e00000, 0x0000000088f00000|  0%| F|  |TAMS 0x0000000088e00000, 0x0000000088e00000| Untracked 
|  61|0x0000000088f00000, 0x0000000088f00000, 0x0000000089000000|  0%| F|  |TAMS 0x0000000088f00000, 0x0000000088f00000| Untracked 
|  62|0x0000000089000000, 0x0000000089000000, 0x0000000089100000|  0%| F|  |TAMS 0x0000000089000000, 0x0000000089000000| Untracked 
|  63|0x0000000089100000, 0x0000000089100000, 0x0000000089200000|  0%| F|  |TAMS 0x0000000089100000, 0x0000000089100000| Untracked 
|  64|0x0000000089200000, 0x0000000089200000, 0x0000000089300000|  0%| F|  |TAMS 0x0000000089200000, 0x0000000089200000| Untracked 
|  65|0x0000000089300000, 0x0000000089300000, 0x0000000089400000|  0%| F|  |TAMS 0x0000000089300000, 0x0000000089300000| Untracked 
|  66|0x0000000089400000, 0x0000000089400000, 0x0000000089500000|  0%| F|  |TAMS 0x0000000089400000, 0x0000000089400000| Untracked 
|  67|0x0000000089500000, 0x0000000089500000, 0x0000000089600000|  0%| F|  |TAMS 0x0000000089500000, 0x0000000089500000| Untracked 
|  68|0x0000000089600000, 0x0000000089600000, 0x0000000089700000|  0%| F|  |TAMS 0x0000000089600000, 0x0000000089600000| Untracked 
|  69|0x0000000089700000, 0x0000000089700000, 0x0000000089800000|  0%| F|  |TAMS 0x0000000089700000, 0x0000000089700000| Untracked 
|  70|0x0000000089800000, 0x0000000089800000, 0x0000000089900000|  0%| F|  |TAMS 0x0000000089800000, 0x0000000089800000| Untracked 
|  71|0x0000000089900000, 0x0000000089900000, 0x0000000089a00000|  0%| F|  |TAMS 0x0000000089900000, 0x0000000089900000| Untracked 
|  72|0x0000000089a00000, 0x0000000089a00000, 0x0000000089b00000|  0%| F|  |TAMS 0x0000000089a00000, 0x0000000089a00000| Untracked 
|  73|0x0000000089b00000, 0x0000000089b00000, 0x0000000089c00000|  0%| F|  |TAMS 0x0000000089b00000, 0x0000000089b00000| Untracked 
|  74|0x0000000089c00000, 0x0000000089c00000, 0x0000000089d00000|  0%| F|  |TAMS 0x0000000089c00000, 0x0000000089c00000| Untracked 
|  75|0x0000000089d00000, 0x0000000089d00000, 0x0000000089e00000|  0%| F|  |TAMS 0x0000000089d00000, 0x0000000089d00000| Untracked 
|  76|0x0000000089e00000, 0x0000000089e00000, 0x0000000089f00000|  0%| F|  |TAMS 0x0000000089e00000, 0x0000000089e00000| Untracked 
|  77|0x0000000089f00000, 0x0000000089f00000, 0x000000008a000000|  0%| F|  |TAMS 0x0000000089f00000, 0x0000000089f00000| Untracked 
|  78|0x000000008a000000, 0x000000008a000000, 0x000000008a100000|  0%| F|  |TAMS 0x000000008a000000, 0x000000008a000000| Untracked 
|  79|0x000000008a100000, 0x000000008a100000, 0x000000008a200000|  0%| F|  |TAMS 0x000000008a100000, 0x000000008a100000| Untracked 
|  80|0x000000008a200000, 0x000000008a200000, 0x000000008a300000|  0%| F|  |TAMS 0x000000008a200000, 0x000000008a200000| Untracked 
|  81|0x000000008a300000, 0x000000008a300000, 0x000000008a400000|  0%| F|  |TAMS 0x000000008a300000, 0x000000008a300000| Untracked 
|  82|0x000000008a400000, 0x000000008a400000, 0x000000008a500000|  0%| F|  |TAMS 0x000000008a400000, 0x000000008a400000| Untracked 
|  83|0x000000008a500000, 0x000000008a500000, 0x000000008a600000|  0%| F|  |TAMS 0x000000008a500000, 0x000000008a500000| Untracked 
|  84|0x000000008a600000, 0x000000008a600000, 0x000000008a700000|  0%| F|  |TAMS 0x000000008a600000, 0x000000008a600000| Untracked 
|  85|0x000000008a700000, 0x000000008a700000, 0x000000008a800000|  0%| F|  |TAMS 0x000000008a700000, 0x000000008a700000| Untracked 
|  86|0x000000008a800000, 0x000000008a800000, 0x000000008a900000|  0%| F|  |TAMS 0x000000008a800000, 0x000000008a800000| Untracked 
|  87|0x000000008a900000, 0x000000008a900000, 0x000000008aa00000|  0%| F|  |TAMS 0x000000008a900000, 0x000000008a900000| Untracked 
|  88|0x000000008aa00000, 0x000000008aa00000, 0x000000008ab00000|  0%| F|  |TAMS 0x000000008aa00000, 0x000000008aa00000| Untracked 
|  89|0x000000008ab00000, 0x000000008ab00000, 0x000000008ac00000|  0%| F|  |TAMS 0x000000008ab00000, 0x000000008ab00000| Untracked 
|  90|0x000000008ac00000, 0x000000008ac00000, 0x000000008ad00000|  0%| F|  |TAMS 0x000000008ac00000, 0x000000008ac00000| Untracked 
|  91|0x000000008ad00000, 0x000000008ad00000, 0x000000008ae00000|  0%| F|  |TAMS 0x000000008ad00000, 0x000000008ad00000| Untracked 
|  92|0x000000008ae00000, 0x000000008ae00000, 0x000000008af00000|  0%| F|  |TAMS 0x000000008ae00000, 0x000000008ae00000| Untracked 
|  93|0x000000008af00000, 0x000000008af00000, 0x000000008b000000|  0%| F|  |TAMS 0x000000008af00000, 0x000000008af00000| Untracked 
|  94|0x000000008b000000, 0x000000008b000000, 0x000000008b100000|  0%| F|  |TAMS 0x000000008b000000, 0x000000008b000000| Untracked 
|  95|0x000000008b100000, 0x000000008b100000, 0x000000008b200000|  0%| F|  |TAMS 0x000000008b100000, 0x000000008b100000| Untracked 
|  96|0x000000008b200000, 0x000000008b200000, 0x000000008b300000|  0%| F|  |TAMS 0x000000008b200000, 0x000000008b200000| Untracked 
|  97|0x000000008b300000, 0x000000008b300000, 0x000000008b400000|  0%| F|  |TAMS 0x000000008b300000, 0x000000008b300000| Untracked 
|  98|0x000000008b400000, 0x000000008b400000, 0x000000008b500000|  0%| F|  |TAMS 0x000000008b400000, 0x000000008b400000| Untracked 
|  99|0x000000008b500000, 0x000000008b500000, 0x000000008b600000|  0%| F|  |TAMS 0x000000008b500000, 0x000000008b500000| Untracked 
| 100|0x000000008b600000, 0x000000008b600000, 0x000000008b700000|  0%| F|  |TAMS 0x000000008b600000, 0x000000008b600000| Untracked 
| 101|0x000000008b700000, 0x000000008b700000, 0x000000008b800000|  0%| F|  |TAMS 0x000000008b700000, 0x000000008b700000| Untracked 
| 102|0x000000008b800000, 0x000000008b800000, 0x000000008b900000|  0%| F|  |TAMS 0x000000008b800000, 0x000000008b800000| Untracked 
| 103|0x000000008b900000, 0x000000008b900000, 0x000000008ba00000|  0%| F|  |TAMS 0x000000008b900000, 0x000000008b900000| Untracked 
| 104|0x000000008ba00000, 0x000000008ba00000, 0x000000008bb00000|  0%| F|  |TAMS 0x000000008ba00000, 0x000000008ba00000| Untracked 
| 105|0x000000008bb00000, 0x000000008bb00000, 0x000000008bc00000|  0%| F|  |TAMS 0x000000008bb00000, 0x000000008bb00000| Untracked 
| 106|0x000000008bc00000, 0x000000008bc00000, 0x000000008bd00000|  0%| F|  |TAMS 0x000000008bc00000, 0x000000008bc00000| Untracked 
| 107|0x000000008bd00000, 0x000000008bd00000, 0x000000008be00000|  0%| F|  |TAMS 0x000000008bd00000, 0x000000008bd00000| Untracked 
| 108|0x000000008be00000, 0x000000008be00000, 0x000000008bf00000|  0%| F|  |TAMS 0x000000008be00000, 0x000000008be00000| Untracked 
| 109|0x000000008bf00000, 0x000000008bf00000, 0x000000008c000000|  0%| F|  |TAMS 0x000000008bf00000, 0x000000008bf00000| Untracked 
| 110|0x000000008c000000, 0x000000008c000000, 0x000000008c100000|  0%| F|  |TAMS 0x000000008c000000, 0x000000008c000000| Untracked 
| 111|0x000000008c100000, 0x000000008c100000, 0x000000008c200000|  0%| F|  |TAMS 0x000000008c100000, 0x000000008c100000| Untracked 
| 112|0x000000008c200000, 0x000000008c200000, 0x000000008c300000|  0%| F|  |TAMS 0x000000008c200000, 0x000000008c200000| Untracked 
| 113|0x000000008c300000, 0x000000008c300000, 0x000000008c400000|  0%| F|  |TAMS 0x000000008c300000, 0x000000008c300000| Untracked 
| 114|0x000000008c400000, 0x000000008c400000, 0x000000008c500000|  0%| F|  |TAMS 0x000000008c400000, 0x000000008c400000| Untracked 
| 115|0x000000008c500000, 0x000000008c500000, 0x000000008c600000|  0%| F|  |TAMS 0x000000008c500000, 0x000000008c500000| Untracked 
| 116|0x000000008c600000, 0x000000008c600000, 0x000000008c700000|  0%| F|  |TAMS 0x000000008c600000, 0x000000008c600000| Untracked 
| 117|0x000000008c700000, 0x000000008c700000, 0x000000008c800000|  0%| F|  |TAMS 0x000000008c700000, 0x000000008c700000| Untracked 
| 118|0x000000008c800000, 0x000000008c800000, 0x000000008c900000|  0%| F|  |TAMS 0x000000008c800000, 0x000000008c800000| Untracked 
| 119|0x000000008c900000, 0x000000008c900000, 0x000000008ca00000|  0%| F|  |TAMS 0x000000008c900000, 0x000000008c900000| Untracked 
| 120|0x000000008ca00000, 0x000000008ca00000, 0x000000008cb00000|  0%| F|  |TAMS 0x000000008ca00000, 0x000000008ca00000| Untracked 
| 121|0x000000008cb00000, 0x000000008cb00000, 0x000000008cc00000|  0%| F|  |TAMS 0x000000008cb00000, 0x000000008cb00000| Untracked 
| 122|0x000000008cc00000, 0x000000008cc48310, 0x000000008cd00000| 28%| E|  |TAMS 0x000000008cc00000, 0x000000008cc00000| Complete 
| 123|0x000000008cd00000, 0x000000008ce00000, 0x000000008ce00000|100%| E|CS|TAMS 0x000000008cd00000, 0x000000008cd00000| Complete 

Card table byte_map: [0x00000283f7750000,0x00000283f7b30000] _byte_map_base: 0x00000283f7327000

Marking Bits (Prev, Next): (CMBitMap*) 0x00000283eefa4f18, (CMBitMap*) 0x00000283eefa4f58
 Prev Bits: [0x00000283f7f10000, 0x00000283f9dc8000)
 Next Bits: [0x00000283f9dd0000, 0x00000283fbc88000)

Polling page: 0x00000283ee740000

Metaspace:

Usage:
  Non-class:    404.00 KB capacity,   356.57 KB ( 88%) used,    46.74 KB ( 12%) free+waste,   704 bytes ( <1%) overhead. 
      Class:    386.00 KB capacity,    12.41 KB (  3%) used,   373.47 KB ( 97%) free+waste,   128 bytes ( <1%) overhead. 
       Both:    790.00 KB capacity,   368.98 KB ( 47%) used,   420.21 KB ( 53%) free+waste,   832 bytes ( <1%) overhead. 

Virtual space:
  Non-class space:       16.00 MB reserved,     512.00 KB (  3%) committed 
      Class space:        1.00 GB reserved,     512.00 KB ( <1%) committed 
             Both:        1.02 GB reserved,       1.00 MB ( <1%) committed 

Chunk freelists:
   Non-Class:  5.50 KB
       Class:  0 bytes
        Both:  5.50 KB

CodeHeap 'non-profiled nmethods': size=120064Kb used=18Kb max_used=18Kb free=120045Kb
 bounds [0x0000028387ac0000, 0x0000028387d30000, 0x000002838f000000]
CodeHeap 'profiled nmethods': size=120000Kb used=101Kb max_used=101Kb free=119898Kb
 bounds [0x0000028380590000, 0x0000028380800000, 0x0000028387ac0000]
CodeHeap 'non-nmethods': size=5696Kb used=1006Kb max_used=1018Kb free=4689Kb
 bounds [0x0000028380000000, 0x0000028380270000, 0x0000028380590000]
 total_blobs=376 nmethods=72 adapters=165
 compilation: enabled
              stopped_count=0, restarted_count=0
 full_count=0

Compilation events (10 events):
Event: 0.077 Thread 0x00000283fe182000 nmethod 68 0x00000283805a7310 code [0x00000283805a7500, 0x00000283805a7940]
Event: 0.077 Thread 0x00000283fe182000   69       3       java.lang.String::indexOf (29 bytes)
Event: 0.077 Thread 0x00000283fe171800 nmethod 59 0x0000028387ac4910 code [0x0000028387ac4aa0, 0x0000028387ac4b18]
Event: 0.078 Thread 0x00000283fe182000 nmethod 69 0x00000283805a7b10 code [0x00000283805a7d00, 0x00000283805a8000]
Event: 0.078 Thread 0x00000283fe182000   70       3       java.lang.String::indexOf (7 bytes)
Event: 0.078 Thread 0x00000283fe182000 nmethod 70 0x00000283805a8110 code [0x00000283805a8300, 0x00000283805a8680]
Event: 0.078 Thread 0x00000283fe182000   71       3       java.lang.AbstractStringBuilder::isLatin1 (19 bytes)
Event: 0.078 Thread 0x00000283fe182000 nmethod 71 0x00000283805a8790 code [0x00000283805a8940, 0x00000283805a8b38]
Event: 0.078 Thread 0x00000283fe182000   72       3       java.lang.String::toCharArray (25 bytes)
Event: 0.079 Thread 0x00000283fe182000 nmethod 72 0x00000283805a8c10 code [0x00000283805a8e20, 0x00000283805a9380]

GC Heap History (0 events):
No events

Deoptimization events (1 events):
Event: 0.078 Thread 0x00000283eef65800 Uncommon trap: reason=unstable_if action=reinterpret pc=0x0000028387ac3ea4 method=java.lang.String.hashCode()I @ 14 c2

Classes redefined (0 events):
No events

Internal exceptions (0 events):
No events

Events (10 events):
Event: 0.079 loading class javax/swing/RootPaneContainer
Event: 0.079 loading class javax/swing/RootPaneContainer done
Event: 0.079 loading class javax/swing/TransferHandler$HasGetTransferHandler
Event: 0.079 loading class javax/swing/TransferHandler$HasGetTransferHandler done
Event: 0.079 loading class java/awt/Frame
Event: 0.079 loading class java/awt/MenuContainer
Event: 0.080 loading class java/awt/MenuContainer done
Event: 0.080 loading class java/awt/Window
Event: 0.080 loading class java/awt/Container
Event: 0.081 loading class java/awt/Component


Dynamic libraries:
0x00007ff703550000 - 0x00007ff70355d000 	D:\jdk-12.0.1\bin\javaw.exe
0x00007ffb91b00000 - 0x00007ffb91cf0000 	C:\WINDOWS\SYSTEM32\ntdll.dll
0x00007ffb90120000 - 0x00007ffb901d2000 	C:\WINDOWS\System32\KERNEL32.DLL
0x00007ffb8f610000 - 0x00007ffb8f8b3000 	C:\WINDOWS\System32\KERNELBASE.dll
0x00007ffb8fab0000 - 0x00007ffb8fbaa000 	C:\WINDOWS\System32\ucrtbase.dll
0x00007ffb8a790000 - 0x00007ffb8a7a6000 	D:\jdk-12.0.1\bin\VCRUNTIME140.dll
0x00007ffb87360000 - 0x00007ffb87377000 	D:\jdk-12.0.1\bin\jli.dll
0x00007ffb8feb0000 - 0x00007ffb90043000 	C:\WINDOWS\System32\USER32.dll
0x00007ffb7f750000 - 0x00007ffb7f9d5000 	C:\WINDOWS\WinSxS\amd64_microsoft.windows.common-controls_6595b64144ccf1df_6.0.18362.356_none_e6c4af7d130f27cc\COMCTL32.dll
0x00007ffb8f910000 - 0x00007ffb8f931000 	C:\WINDOWS\System32\win32u.dll
0x00007ffb90570000 - 0x00007ffb9060e000 	C:\WINDOWS\System32\msvcrt.dll
0x00007ffb91a90000 - 0x00007ffb91ab6000 	C:\WINDOWS\System32\GDI32.dll
0x00007ffb90db0000 - 0x00007ffb910e6000 	C:\WINDOWS\System32\combase.dll
0x00007ffb91840000 - 0x00007ffb91960000 	C:\WINDOWS\System32\RPCRT4.dll
0x00007ffb8f3d0000 - 0x00007ffb8f564000 	C:\WINDOWS\System32\gdi32full.dll
0x00007ffb8f350000 - 0x00007ffb8f3d0000 	C:\WINDOWS\System32\bcryptPrimitives.dll
0x00007ffb8f570000 - 0x00007ffb8f60e000 	C:\WINDOWS\System32\msvcp_win.dll
0x00007ffb90370000 - 0x00007ffb9039e000 	C:\WINDOWS\System32\IMM32.DLL
0x00007ffb73440000 - 0x00007ffb734ea000 	D:\jdk-12.0.1\bin\msvcp140.dll
0x00007ffb42070000 - 0x00007ffb42be4000 	D:\jdk-12.0.1\bin\server\jvm.dll
0x00007ffb919e0000 - 0x00007ffb91a83000 	C:\WINDOWS\System32\ADVAPI32.dll
0x00007ffb90d10000 - 0x00007ffb90da7000 	C:\WINDOWS\System32\sechost.dll
0x00007ffb8fea0000 - 0x00007ffb8fea8000 	C:\WINDOWS\System32\PSAPI.DLL
0x00007ffb87af0000 - 0x00007ffb87af9000 	C:\WINDOWS\SYSTEM32\WSOCK32.dll
0x00007ffb90300000 - 0x00007ffb9036f000 	C:\WINDOWS\System32\WS2_32.dll
0x00007ffb8be80000 - 0x00007ffb8bea4000 	C:\WINDOWS\SYSTEM32\WINMM.dll
0x00007ffb83bc0000 - 0x00007ffb83bca000 	C:\WINDOWS\SYSTEM32\VERSION.dll
0x00007ffb8ba00000 - 0x00007ffb8ba2d000 	C:\WINDOWS\SYSTEM32\winmmbase.dll
0x00007ffb8f8c0000 - 0x00007ffb8f90a000 	C:\WINDOWS\System32\cfgmgr32.dll
0x00007ffb8ea70000 - 0x00007ffb8ea81000 	C:\WINDOWS\System32\kernel.appcore.dll
0x00007ffb88130000 - 0x00007ffb88141000 	D:\jdk-12.0.1\bin\verify.dll
0x00007ffb76b20000 - 0x00007ffb76d14000 	C:\WINDOWS\SYSTEM32\DBGHELP.DLL
0x00007ffb76ae0000 - 0x00007ffb76b0a000 	C:\WINDOWS\SYSTEM32\dbgcore.DLL
0x00007ffb87450000 - 0x00007ffb87476000 	D:\jdk-12.0.1\bin\java.dll
0x00007ffb830e0000 - 0x00007ffb830f7000 	D:\jdk-12.0.1\bin\zip.dll
0x00007ffb8a860000 - 0x00007ffb8a86a000 	D:\jdk-12.0.1\bin\jimage.dll
0x00007ffb91150000 - 0x00007ffb91835000 	C:\WINDOWS\System32\SHELL32.dll
0x00007ffb907e0000 - 0x00007ffb90889000 	C:\WINDOWS\System32\shcore.dll
0x00007ffb8eac0000 - 0x00007ffb8f23e000 	C:\WINDOWS\System32\windows.storage.dll
0x00007ffb8ea50000 - 0x00007ffb8ea6f000 	C:\WINDOWS\System32\profapi.dll
0x00007ffb8e9e0000 - 0x00007ffb8ea2a000 	C:\WINDOWS\System32\powrprof.dll
0x00007ffb8e9d0000 - 0x00007ffb8e9e0000 	C:\WINDOWS\System32\UMPDC.dll
0x00007ffb90620000 - 0x00007ffb90672000 	C:\WINDOWS\System32\shlwapi.dll
0x00007ffb8f940000 - 0x00007ffb8f957000 	C:\WINDOWS\System32\cryptsp.dll

dbghelp: loaded successfully - version: 4.0.5 - missing functions: none
symbol engine: initialized successfully - sym options: 0x614 - pdb path: .;D:\jdk-12.0.1\bin;C:\WINDOWS\SYSTEM32;C:\WINDOWS\WinSxS\amd64_microsoft.windows.common-controls_6595b64144ccf1df_6.0.18362.356_none_e6c4af7d130f27cc;D:\jdk-12.0.1\bin\server

VM Arguments:
jvm_args: -Dfile.encoding=GBK 
java_command: XmlTool
java_class_path (initial): D:\workspace\learnJAVA\CtsTool\bin
Launcher Type: SUN_STANDARD

[Global flags]
     intx CICompilerCount                          = 3                                         {product} {ergonomic}
     uint ConcGCThreads                            = 1                                         {product} {ergonomic}
     uint G1ConcRefinementThreads                  = 4                                         {product} {ergonomic}
   size_t G1HeapRegionSize                         = 1048576                                   {product} {ergonomic}
    uintx GCDrainStackTargetSize                   = 64                                        {product} {ergonomic}
   size_t InitialHeapSize                          = 130023424                                 {product} {ergonomic}
   size_t MarkStackSize                            = 4194304                                   {product} {ergonomic}
   size_t MaxHeapSize                              = 2061500416                                {product} {ergonomic}
   size_t MaxNewSize                               = 1236271104                                {product} {ergonomic}
   size_t MinHeapDeltaBytes                        = 1048576                                   {product} {ergonomic}
    uintx NonNMethodCodeHeapSize                   = 5830732                                {pd product} {ergonomic}
    uintx NonProfiledCodeHeapSize                  = 122913754                              {pd product} {ergonomic}
    uintx ProfiledCodeHeapSize                     = 122913754                              {pd product} {ergonomic}
    uintx ReservedCodeCacheSize                    = 251658240                              {pd product} {ergonomic}
     bool SegmentedCodeCache                       = true                                      {product} {ergonomic}
     bool UseCompressedClassPointers               = true                                 {lp64_product} {ergonomic}
     bool UseCompressedOops                        = true                                 {lp64_product} {ergonomic}
     bool UseG1GC                                  = true                                      {product} {ergonomic}
     bool UseLargePagesIndividualAllocation        = false                                  {pd product} {ergonomic}

Logging:
Log output configuration:
 #0: stdout all=warning uptime,level,tags
 #1: stderr all=off uptime,level,tags

Environment Variables:
JAVA_HOME=D:\jdk-12.0.1
CLASSPATH=.;D:\jdk-12.0.1\lib;D:\jdk-12.0.1\lib\tools.jar
PATH=D:/jdk-12.0.1/bin/server;D:/jdk-12.0.1/bin;C:\WINDOWS\system32;C:\WINDOWS;C:\WINDOWS\System32\Wbem;C:\WINDOWS\System32\WindowsPowerShell\v1.0\;C:\WINDOWS\System32\OpenSSH\;C:\Program Files\Git\cmd;C:\Program Files\TortoiseSVN\bin;D:\jdk-12.0.1\bin;D:\cygwin64\bin;D:\platform-tools;C:\Program Files\Intel\WiFi\bin\;C:\Program Files\Common Files\Intel\WirelessCommon\;C:\Users\10071\AppData\Local\Microsoft\WindowsApps;;D:\Program Files\eclipse-java-2019-03-R-win32-x86_64\eclipse-java;
USERNAME=10071
OS=Windows_NT
PROCESSOR_IDENTIFIER=Intel64 Family 6 Model 60 Stepping 3, GenuineIntel



---------------  S Y S T E M  ---------------

OS: Windows 10 , 64 bit Build 18362 (10.0.18362.329)

CPU:total 4 (initial active 4) (2 cores per cpu, 2 threads per core) family 6 model 60 stepping 3, cmov, cx8, fxsr, mmx, sse, sse2, sse3, ssse3, sse4.1, sse4.2, popcnt, avx, avx2, clmul, erms, lzcnt, ht, tsc, tscinvbit, bmi1, bmi2, fma

Memory: 4k page, system-wide physical 7857M (1723M free)
TotalPageFile size 14108M (AvailPageFile size 2M)
current process WorkingSet (physical memory assigned to process): 27M, peak: 27M
current process commit charge ("private bytes"): 190M, peak: 190M

vm_info: OpenJDK 64-Bit Server VM (12.0.1+12) for windows-amd64 JRE (12.0.1+12), built on Apr  2 2019 08:16:31 by "mach5one" with MS VC++ 15.5 (VS2017)

END.
